<?xml version="1.0" encoding="UTF-8" ?>
<testsuite errors="0" failures="1" hostname="cross-laptop" name="com.sinco.network.RequestSocketTest" tests="1" time="10.938" timestamp="2008-11-19T05:24:39">
  <properties>
    <property name="netbeans.autoupdate.country" value="US" />
    <property name="javax.xml.parsers.SAXParserFactory" value="org.netbeans.core.startup.SAXFactoryImpl" />
    <property name="javac.test.classpath" value="lib/commons-beanutils.jar:lib/commons-collections-3.2.jar:lib/commons-digester-1.8.jar:lib/commons-logging-1.1.1.jar:lib/commons-logging-api-1.1.1.jar:../jaguar-network-commons/dist/jaguar-network-commons.jar:../Jaguar-common/dist/Jaguar-common.jar:../jaguar-client-common/dist/jaguar-client-common.jar:build/classes:/usr/local/netbeans-6.1/java2/modules/ext/junit-3.8.2.jar:/home/cross/workspace/jaguar2/jaguar-engine-network/dist/jaguar-engine-network.jar" />
    <property name="org.openide.TopManager.GUI" value="true" />
    <property name="libs.theme-default.classpath" value="/usr/local/netbeans-6.1/visualweb2/modules/ext/defaulttheme.jar" />
    <property name="libs.junit.javadoc" value="/usr/local/netbeans-6.1/java2/docs/junit-3.8.2-api.zip" />
    <property name="javac.includes" value="com/sinco/network/RequestSocketTest.java" />
    <property name="ant.core.lib" value="/home/cross/.netbeans/6.1/ant/lib/ant.jar" />
    <property name="libs.swing-app-framework.src" value="" />
    <property name="javadoc.windowtitle" value="" />
    <property name="libs.toplink.classpath" value="/usr/local/netbeans-6.1/java2/modules/ext/toplink/toplink-essentials.jar:/usr/local/netbeans-6.1/java2/modules/ext/toplink/toplink-essentials-agent.jar" />
    <property name="user.dir" value="/home/cross/workspace/jaguar2/Jaguar-network" />
    <property name="libs.theme-default-green.classpath" value="/usr/local/netbeans-6.1/visualweb2/modules/ext/defaulttheme-green.jar" />
    <property name="java.vm.version" value="10.0-b23" />
    <property name="libs.jstl11.maven-pom" value="" />
    <property name="libs.MySQLDriver.classpath" value="/usr/local/netbeans-6.1/ide9/modules/ext/mysql-connector-java-5.1.5-bin.jar" />
    <property name="libs.jstl11.src" value="" />
    <property name="javadoc.notree" value="false" />
    <property name="netbeans.autoupdate.version" value="1.23" />
    <property name="libs.exceptionhandler-runtime.maven-pom" value="" />
    <property name="jdk.home" value="/opt/jdk1.6.0_07" />
    <property name="file.reference.commons-logging-api-1.1.1.jar" value="lib/commons-logging-api-1.1.1.jar" />
    <property name="libs.javac-api.src" value="" />
    <property name="javadoc.noindex" value="false" />
    <property name="libs.theme-default-green.runtime" value="/usr/local/netbeans-6.1/visualweb2/modules/ext/defaulttheme-green.jar" />
    <property name="sun.os.patch.level" value="unknown" />
    <property name="libs.theme-default-gray.runtime" value="/usr/local/netbeans-6.1/visualweb2/modules/ext/defaulttheme-gray.jar" />
    <property name="java.vm.specification.name" value="Java Virtual Machine Specification" />
    <property name="libs.jdbcsupport-runtime.classpath" value="/home/cross/.netbeans/6.1/modules/ext/sqlx.jar" />
    <property name="netbeans.autoupdate.variant" value="" />
    <property name="have.tests" value="true" />
    <property name="libs.jdbcsupport-designtime.classpath" value="/home/cross/.netbeans/6.1/modules/ext/sqlx.jar" />
    <property name="org.xml.sax.driver" value="com.sun.org.apache.xerces.internal.jaxp.SAXParserImpl$JAXPSAXParser" />
    <property name="libs.javac-api.javadoc" value="" />
    <property name="os.name" value="Linux" />
    <property name="libs.beans-binding.classpath" value="/usr/local/netbeans-6.1/java2/modules/ext/beansbinding-1.2.1.jar" />
    <property name="ant.file.Jaguar-network-impl" value="/home/cross/workspace/jaguar2/Jaguar-network/nbproject/build-impl.xml" />
    <property name="libs.restapi.javadoc" value="/home/cross/.netbeans/6.1/docs/jsr311-api-doc.zip" />
    <property name="rave.build" value="thresher-fcs" />
    <property name="libs.restapi.classpath" value="/home/cross/.netbeans/6.1/modules/ext/rest/jsr311-api.jar" />
    <property name="java.vendor.url.bug" value="http://java.sun.com/cgi-bin/bugreport.cgi" />
    <property name="os.arch" value="i386" />
    <property name="user.name" value="cross" />
    <property name="libs.jsf12.javadoc" value="/usr/local/netbeans-6.1/enterprise5/docs/javaee5-doc-api.zip" />
    <property name="libs.jaxb21.maven-pom" value="" />
    <property name="libs.swing-layout.maven-pom" value="" />
    <property name="build.classes.dir" value="build/classes" />
    <property name="netbeans.accept_license_class" value="org.netbeans.license.AcceptLicense" />
    <property name="build.sysclasspath" value="ignore" />
    <property name="libs.jaxws21.javadoc" value="/usr/local/netbeans-6.1/java2/docs/jaxws-2_1-api-doc.zip" />
    <property name="includes" value="**" />
    <property name="reference.Jaguar-common.jar" value="../Jaguar-common/dist/Jaguar-common.jar" />
    <property name="javax.xml.parsers.DocumentBuilderFactory" value="org.netbeans.core.startup.DOMFactoryImpl" />
    <property name="user.country" value="US" />
    <property name="libs.jstl11.javadoc" value="/usr/local/netbeans-6.1/enterprise5/docs/javaee5-doc-api.zip" />
    <property name="javadoc.encoding" value="UTF-8" />
    <property name="javac.classpath" value="lib/commons-beanutils.jar:lib/commons-collections-3.2.jar:lib/commons-digester-1.8.jar:lib/commons-logging-1.1.1.jar:lib/commons-logging-api-1.1.1.jar:../jaguar-network-commons/dist/jaguar-network-commons.jar:../Jaguar-common/dist/Jaguar-common.jar:../jaguar-client-common/dist/jaguar-client-common.jar" />
    <property name="libs.jsfsupport-designtime.javadoc" value="/usr/local/netbeans-6.1/visualweb2/docs/appbase-doc.zip:/home/cross/.netbeans/6.1/docs/dataprovider-doc.zip:/usr/local/netbeans-6.1/visualweb2/docs/jsfcl-doc.zip" />
    <property name="netbeans.system_http_non_proxy_hosts" value="" />
    <property name="netbeans.home" value="/usr/local/netbeans-6.1/platform8" />
    <property name="build.compiler.emacs" value="true" />
    <property name="libs.jdbcsupport-runtime.javadoc" value="" />
    <property name="java.endorsed.dirs" value="/opt/jdk1.6.0_07/jre/lib/endorsed" />
    <property name="test.includes" value="com/sinco/network/RequestSocketTest.java" />
    <property name="netbeans.dynamic.classpath" value="/usr/local/netbeans-6.1/platform8/core/core.jar:/usr/local/netbeans-6.1/platform8/core/org-openide-filesystems.jar:/usr/local/netbeans-6.1/platform8/core/locale/core_ja.jar:/usr/local/netbeans-6.1/platform8/core/locale/core_zh_CN.jar:/usr/local/netbeans-6.1/platform8/core/locale/org-openide-filesystems_zh_CN.jar:/usr/local/netbeans-6.1/platform8/core/locale/org-openide-filesystems_pt_BR.jar:/usr/local/netbeans-6.1/platform8/core/locale/org-openide-filesystems_ja.jar:/usr/local/netbeans-6.1/platform8/core/locale/core_pt_BR.jar:/usr/local/netbeans-6.1/nb6.1/core/org-netbeans-upgrader.jar:/usr/local/netbeans-6.1/nb6.1/core/locale/org-netbeans-upgrader_zh_CN.jar:/usr/local/netbeans-6.1/nb6.1/core/locale/core_nb_zh_CN.jar:/usr/local/netbeans-6.1/nb6.1/core/locale/org-netbeans-upgrader_pt_BR.jar:/usr/local/netbeans-6.1/nb6.1/core/locale/core_nb_pt_BR.jar:/usr/local/netbeans-6.1/nb6.1/core/locale/core_nb_ja.jar:/usr/local/netbeans-6.1/nb6.1/core/locale/core_nb.jar:/usr/local/netbeans-6.1/nb6.1/core/locale/org-netbeans-upgrader_ja.jar" />
    <property name="java.vm.specification.version" value="1.0" />
    <property name="libs.jaxws21.src" value="" />
    <property name="application.title" value="Jaguar-network" />
    <property name="libs.swing-app-framework.classpath" value="/usr/local/netbeans-6.1/java2/modules/ext/appframework-1.0.3.jar:/usr/local/netbeans-6.1/java2/modules/ext/swing-worker-1.1.jar" />
    <property name="netbeans.autoupdate.language" value="en" />
    <property name="java.vendor" value="Sun Microsystems Inc." />
    <property name="javac.debug" value="true" />
    <property name="javadoc.splitindex" value="true" />
    <property name="file.separator" value="/" />
    <property name="libs.IdentityAntTasks.src" value="" />
    <property name="libs.junit_4.maven-pom" value="" />
    <property name="netbeans.buildnumber" value="200805300101" />
    <property name="libs.webui-runtime.classpath" value="/usr/local/netbeans-6.1/visualweb2/modules/ext/webui.jar:/usr/local/netbeans-6.1/enterprise5/modules/ext/commons-fileupload-1.0.jar" />
    <property name="sun.java.launcher" value="SUN_STANDARD" />
    <property name="libs.junit.classpath" value="/usr/local/netbeans-6.1/java2/modules/ext/junit-3.8.2.jar" />
    <property name="libs.struts.classpath" value="/usr/local/netbeans-6.1/enterprise5/modules/ext/struts/antlr.jar:/usr/local/netbeans-6.1/enterprise5/modules/ext/struts/commons-beanutils.jar:/usr/local/netbeans-6.1/enterprise5/modules/ext/struts/commons-digester.jar:/usr/local/netbeans-6.1/enterprise5/modules/ext/struts/commons-logging.jar:/usr/local/netbeans-6.1/enterprise5/modules/ext/struts/commons-validator.jar:/usr/local/netbeans-6.1/enterprise5/modules/ext/struts/jakarta-oro.jar:/usr/local/netbeans-6.1/enterprise5/modules/ext/struts/struts.jar:/usr/local/netbeans-6.1/enterprise5/modules/ext/commons-fileupload-1.0.jar" />
    <property name="libs.woodstock-theme-default.classpath" value="/usr/local/netbeans-6.1/visualweb2/modules/ext/webui-jsf-suntheme.jar" />
    <property name="org.openide.awt.SwingBrowserImpl.do-not-block-awt" value="false" />
    <property name="javac.includes.binary" value="" />
    <property name="ant.file.Jaguar-network" value="/home/cross/workspace/jaguar2/Jaguar-network/build.xml" />
    <property name="ant.home" value="/home/cross/.netbeans/6.1/ant" />
    <property name="libs.junit_4.src" value="" />
    <property name="libs.absolutelayout.maven-pom" value="" />
    <property name="ant.java.version" value="1.6" />
    <property name="java.library.path" value="/opt/jdk1.6.0_07/jre/lib/i386/client:/opt/jdk1.6.0_07/jre/lib/i386:/opt/jdk1.6.0_07/jre/../lib/i386:/usr/java/packages/lib/i386:/lib:/usr/lib" />
    <property name="javadoc.author" value="false" />
    <property name="libs.IdentityAntTasks.classpath" value="/usr/local/netbeans-6.1/identity2/ant/nblib/org-netbeans-modules-identity-ant.jar:/usr/local/netbeans-6.1/identity2/modules/org-netbeans-modules-identity-profile-api.jar" />
    <property name="java.util.logging.config.class" value="org.netbeans.core.startup.TopLogging" />
    <property name="libs.PostgreSQLDriver.src" value="" />
    <property name="sun.arch.data.model" value="32" />
    <property name="basedir" value="/home/cross/workspace/jaguar2/Jaguar-network" />
    <property name="jar.compress" value="false" />
    <property name="libs.jstl11.classpath" value="/usr/local/netbeans-6.1/enterprise5/modules/ext/standard.jar:/usr/local/netbeans-6.1/enterprise5/modules/ext/jstl.jar" />
    <property name="path.separator" value=":" />
    <property name="sun.io.unicode.encoding" value="UnicodeLittle" />
    <property name="libs.jaxws21.classpath" value="/usr/local/netbeans-6.1/java2/modules/ext/jaxws21/activation.jar:/usr/local/netbeans-6.1/java2/modules/ext/jaxws21/FastInfoset.jar:/usr/local/netbeans-6.1/java2/modules/ext/jaxws21/http.jar:/usr/local/netbeans-6.1/java2/modules/ext/jaxws21/api/jaxb-api.jar:/usr/local/netbeans-6.1/java2/modules/ext/jaxws21/jaxb-impl.jar:/usr/local/netbeans-6.1/java2/modules/ext/jaxws21/jaxb-xjc.jar:/usr/local/netbeans-6.1/java2/modules/ext/jaxws21/api/jaxws-api.jar:/usr/local/netbeans-6.1/java2/modules/ext/jaxws21/jaxws-rt.jar:/usr/local/netbeans-6.1/java2/modules/ext/jaxws21/jaxws-tools.jar:/usr/local/netbeans-6.1/java2/modules/ext/jaxws21/api/jsr173_api.jar:/usr/local/netbeans-6.1/java2/modules/ext/jaxws21/api/jsr181-api.jar:/usr/local/netbeans-6.1/java2/modules/ext/jaxws21/api/jsr250-api.jar:/usr/local/netbeans-6.1/java2/modules/ext/jaxws21/api/saaj-api.jar:/usr/local/netbeans-6.1/java2/modules/ext/jaxws21/saaj-impl.jar:/usr/local/netbeans-6.1/java2/modules/ext/jaxws21/sjsxp.jar:/usr/local/netbeans-6.1/java2/modules/ext/jaxws21/stax-ex.jar:/usr/local/netbeans-6.1/java2/modules/ext/jaxws21/streambuffer.jar" />
    <property name="libs.struts.src" value="" />
    <property name="user.language" value="en" />
    <property name="libs.jaxb21.javadoc" value="" />
    <property name="libs.spring-framework.classpath" value="/usr/local/netbeans-6.1/java2/modules/ext/spring/commons-logging-1.1.jar:/usr/local/netbeans-6.1/java2/modules/ext/spring/spring-2.5.jar" />
    <property name="application.vendor" value="cross" />
    <property name="run.test.classpath" value="lib/commons-beanutils.jar:lib/commons-collections-3.2.jar:lib/commons-digester-1.8.jar:lib/commons-logging-1.1.1.jar:lib/commons-logging-api-1.1.1.jar:../jaguar-network-commons/dist/jaguar-network-commons.jar:../Jaguar-common/dist/Jaguar-common.jar:../jaguar-client-common/dist/jaguar-client-common.jar:build/classes:/usr/local/netbeans-6.1/java2/modules/ext/junit-3.8.2.jar:/home/cross/workspace/jaguar2/jaguar-engine-network/dist/jaguar-engine-network.jar:build/test/classes" />
    <property name="libs.swing-layout.javadoc" value="/usr/local/netbeans-6.1/platform8/docs/swing-layout-1.0.3-doc.zip" />
    <property name="libs.swing-app-framework.javadoc" value="/usr/local/netbeans-6.1/java2/docs/appframework-1.0.3-doc.zip" />
    <property name="libs.PostgreSQLDriver.maven-pom" value="" />
    <property name="java.class.version" value="50.0" />
    <property name="netbeans.system_http_proxy" value="DIRECT" />
    <property name="project.Jaguar-common" value="../Jaguar-common" />
    <property name="user.properties.file" value="/home/cross/.netbeans/6.1/build.properties" />
    <property name="libs.spring-framework.src" value="" />
    <property name="libs.javac-api.maven-pom" value="" />
    <property name="file.encoding.pkg" value="sun.io" />
    <property name="sun.cpu.endian" value="little" />
    <property name="project.jaguar-client-common" value="../jaguar-client-common" />
    <property name="libs.jaxb21.src" value="" />
    <property name="libs.jsfsupport-designtime.classpath" value="/usr/local/netbeans-6.1/visualweb2/modules/ext/jsfcl.jar:/usr/local/netbeans-6.1/visualweb2/modules/ext/appbase.jar:/home/cross/.netbeans/6.1/modules/ext/dataprovider.jar:/home/cross/.netbeans/6.1/modules/ext/sqlx.jar" />
    <property name="version-output" value="java version &quot;1.6" />
    <property name="javadoc.preview" value="true" />
    <property name="file.reference.commons-digester-1.8.jar" value="lib/commons-digester-1.8.jar" />
    <property name="file.reference.commons-logging-1.1.1.jar" value="lib/commons-logging-1.1.1.jar" />
    <property name="file.reference.commons-collections-3.2.jar" value="lib/commons-collections-3.2.jar" />
    <property name="nbplatform.default.harness.dir" value="/usr/local/netbeans-6.1/harness" />
    <property name="java.home" value="/opt/jdk1.6.0_07/jre" />
    <property name="libs.spring-webmvc.src" value="" />
    <property name="copyfiles.classpath" value="/home/cross/.netbeans/6.1/ant/extra/copyfiles.jar" />
    <property name="debug.test.classpath" value="lib/commons-beanutils.jar:lib/commons-collections-3.2.jar:lib/commons-digester-1.8.jar:lib/commons-logging-1.1.1.jar:lib/commons-logging-api-1.1.1.jar:../jaguar-network-commons/dist/jaguar-network-commons.jar:../Jaguar-common/dist/Jaguar-common.jar:../jaguar-client-common/dist/jaguar-client-common.jar:build/classes:/usr/local/netbeans-6.1/java2/modules/ext/junit-3.8.2.jar:/home/cross/workspace/jaguar2/jaguar-engine-network/dist/jaguar-engine-network.jar:build/test/classes" />
    <property name="netbeans.importclass" value="org.netbeans.upgrade.AutoUpgrade" />
    <property name="libs.webui-designtime.src" value="/usr/local/netbeans-6.1/visualweb2/docs/webui-src.zip" />
    <property name="org.openide.TopManager" value="org.netbeans.core.NonGui" />
    <property name="libs.toplink.maven-pom" value="" />
    <property name="libs.PostgreSQLDriver.javadoc" value="" />
    <property name="libs.restlib.classpath" value="/home/cross/.netbeans/6.1/modules/ext/rest/jersey.jar:/usr/local/netbeans-6.1/java2/modules/ext/jaxws21/activation.jar:/usr/local/netbeans-6.1/java2/modules/ext/jaxws21/api/jsr250-api.jar:/home/cross/.netbeans/6.1/modules/ext/rest/http.jar:/home/cross/.netbeans/6.1/modules/ext/rest/wadl2java.jar:/usr/local/netbeans-6.1/java2/modules/ext/jaxws21/api/jaxws-api.jar:/usr/local/netbeans-6.1/java2/modules/ext/jaxws21/api/jaxb-api.jar:/usr/local/netbeans-6.1/java2/modules/ext/jaxws21/jaxb-impl.jar:/usr/local/netbeans-6.1/java2/modules/ext/jaxws21/jaxb-xjc.jar:/usr/local/netbeans-6.1/java2/modules/ext/jaxws21/api/jsr173_api.jar:/home/cross/.netbeans/6.1/modules/ext/rest/rome-0.9.jar:/home/cross/.netbeans/6.1/modules/ext/rest/jdom-1.0.jar:/home/cross/.netbeans/6.1/modules/ext/rest/jettison-1.0-RC1.jar:/home/cross/.netbeans/6.1/modules/ext/rest/asm-3.1.jar:/home/cross/.netbeans/6.1/modules/ext/rest/grizzly-servlet-webserver-1.7.3.2.jar" />
    <property name="libs.exceptionhandler-runtime.javadoc" value="" />
    <property name="libs.jsfsupport-runtime.classpath" value="/usr/local/netbeans-6.1/visualweb2/modules/ext/jsfcl.jar:/usr/local/netbeans-6.1/visualweb2/modules/ext/appbase.jar:/home/cross/.netbeans/6.1/modules/ext/dataprovider.jar:/home/cross/.netbeans/6.1/modules/ext/sqlx.jar" />
    <property name="libs.MySQLDriver.maven-pom" value="" />
    <property name="libs.junit_4.javadoc" value="" />
    <property name="libs.spring-webmvc.javadoc" value="" />
    <property name="libs.toplink.src" value="" />
    <property name="libs.webui.javadoc" value="/usr/local/netbeans-6.1/visualweb2/docs/webui-doc.zip" />
    <property name="libs.jsf12-support.javadoc" value="/usr/local/netbeans-6.1/visualweb2/docs/appbase-doc.zip:/home/cross/.netbeans/6.1/docs/dataprovider-doc.zip:/usr/local/netbeans-6.1/visualweb2/docs/jsfcl-doc.zip" />
    <property name="run.classpath" value="lib/commons-beanutils.jar:lib/commons-collections-3.2.jar:lib/commons-digester-1.8.jar:lib/commons-logging-1.1.1.jar:lib/commons-logging-api-1.1.1.jar:../jaguar-network-commons/dist/jaguar-network-commons.jar:../Jaguar-common/dist/Jaguar-common.jar:../jaguar-client-common/dist/jaguar-client-common.jar:build/classes" />
    <property name="libs.theme-default.runtime" value="/usr/local/netbeans-6.1/visualweb2/modules/ext/defaulttheme.jar" />
    <property name="file.reference.commons-beanutils.jar" value="lib/commons-beanutils.jar" />
    <property name="libs.jdbcsupport-runtime.maven-pom" value="" />
    <property name="libs.restapi.src" value="" />
    <property name="sun.management.compiler" value="HotSpot Client Compiler" />
    <property name="javac.deprecation" value="false" />
    <property name="javadoc.use" value="true" />
    <property name="libs.jdbcsupport-runtime.src" value="" />
    <property name="libs.jdbcsupport-designtime.maven-pom" value="" />
    <property name="libs.theme-default-gray.classpath" value="/usr/local/netbeans-6.1/visualweb2/modules/ext/defaulttheme-gray.jar" />
    <property name="sun.java2d.noddraw" value="true" />
    <property name="libs.spring-webmvc.classpath" value="/home/cross/.netbeans/6.1/modules/ext/spring/spring-webmvc-2.5.jar" />
    <property name="javac.compilerargs" value="" />
    <property name="ant.file" value="/home/cross/workspace/jaguar2/Jaguar-network/build.xml" />
    <property name="libs.beans-binding.maven-pom" value="" />
    <property name="libs.jsf12.classpath" value="/usr/local/netbeans-6.1/enterprise5/modules/ext/jsf-1_2/commons-beanutils.jar:/usr/local/netbeans-6.1/enterprise5/modules/ext/jsf-1_2/commons-collections.jar:/usr/local/netbeans-6.1/enterprise5/modules/ext/jsf-1_2/commons-digester.jar:/usr/local/netbeans-6.1/enterprise5/modules/ext/jsf-1_2/commons-logging.jar:/usr/local/netbeans-6.1/enterprise5/modules/ext/jsf-1_2/jsf-api.jar:/usr/local/netbeans-6.1/enterprise5/modules/ext/jsf-1_2/jsf-impl.jar" />
    <property name="sun.awt.exception.handler" value="org.netbeans.core.startup.TopLogging$AWTHandler" />
    <property name="libs.restapi.maven-pom" value="" />
    <property name="libs.beans-binding.src" value="" />
    <property name="java.vm.specification.vendor" value="Sun Microsystems Inc." />
    <property name="libs.swing-layout.src" value="/usr/local/netbeans-6.1/platform8/docs/swing-layout-1.0.3-src.zip" />
    <property name="libs.webui.src" value="/usr/local/netbeans-6.1/visualweb2/docs/webui-src.zip" />
    <property name="org.openide.major.version" value="IDE/1" />
    <property name="java.vm.name" value="Java HotSpot(TM) Client VM" />
    <property name="netbeans.user" value="/home/cross/.netbeans/6.1" />
    <property name="javadoc.additionalparam" value="" />
    <property name="java.io.tmpdir" value="/tmp" />
    <property name="java.vendor.url" value="http://java.sun.com/" />
    <property name="jspc.classpath" value="/home/cross/.netbeans/6.1/ant/lib/ant.jar:/usr/local/netbeans-6.1/enterprise5/modules/ext/servlet2.5-jsp2.1-api.jar:${j2ee.platform.classpath}:/home/cross/.netbeans/6.1/modules/ext/glassfish-jspparser-2.0.jar:/usr/local/netbeans-6.1/enterprise5/modules/ext/glassfish-logging-2.0.jar:/usr/local/netbeans-6.1/ide9/modules/ext/commons-logging-1.0.4.jar:/home/cross/.netbeans/6.1/ant/lib/ant-launcher.jar" />
    <property name="sun.boot.library.path" value="/opt/jdk1.6.0_07/jre/lib/i386" />
    <property name="have.sources" value="true" />
    <property name="debug.classpath" value="lib/commons-beanutils.jar:lib/commons-collections-3.2.jar:lib/commons-digester-1.8.jar:lib/commons-logging-1.1.1.jar:lib/commons-logging-api-1.1.1.jar:../jaguar-network-commons/dist/jaguar-network-commons.jar:../Jaguar-common/dist/Jaguar-common.jar:../jaguar-client-common/dist/jaguar-client-common.jar:build/classes" />
    <property name="libs.woodstock-theme-default.runtime" value="/usr/local/netbeans-6.1/visualweb2/modules/ext/webui-jsf-suntheme.jar" />
    <property name="javadoc.private" value="false" />
    <property name="test.src.dir" value="test" />
    <property name="meta.inf.dir" value="src/META-INF" />
    <property name="javadoc.encoding.used" value="UTF-8" />
    <property name="dist.jar" value="dist/Jaguar-network.jar" />
    <property name="java.runtime.name" value="Java(TM) SE Runtime Environment" />
    <property name="ant.project.name" value="Jaguar-network" />
    <property name="reference.jaguar-client-common.jar" value="../jaguar-client-common/dist/jaguar-client-common.jar" />
    <property name="reference.jaguar-network-commons.jar" value="../jaguar-network-commons/dist/jaguar-network-commons.jar" />
    <property name="netbeans.hash.code" value="unique=NB_JAVA_WEBEE004ba2e52-c573-45a5-a605-cbd457d80906" />
    <property name="file.reference.jaguar-engine-network.jar" value="/home/cross/workspace/jaguar2/jaguar-engine-network/dist/jaguar-engine-network.jar" />
    <property name="libs.jdbcsupport-designtime.javadoc" value="" />
    <property name="sun.cpu.isalist" value="" />
    <property name="libs.CopyLibs.javadoc" value="" />
    <property name="org.openide.specification.version" value="6.2" />
    <property name="user.home" value="/home/cross" />
    <property name="libs.exceptionhandler-runtime.classpath" value="/usr/local/netbeans-6.1/visualweb2/modules/ext/errorhandler.jar" />
    <property name="debug-args-line" value="-Xdebug" />
    <property name="libs.CopyLibs.maven-pom" value="" />
    <property name="libs.absolutelayout.javadoc" value="" />
    <property name="java.specification.name" value="Java Platform API Specification" />
    <property name="libs.webui.classpath" value="/usr/local/netbeans-6.1/visualweb2/modules/ext/webui.jar:/usr/local/netbeans-6.1/enterprise5/modules/ext/commons-fileupload-1.0.jar" />
    <property name="libs.swing-app-framework.maven-pom" value="" />
    <property name="libs.woodstock-components.classpath" value="/usr/local/netbeans-6.1/visualweb2/modules/ext/webui-jsf.jar:/usr/local/netbeans-6.1/enterprise5/modules/ext/commons-fileupload-1.0.jar:/usr/local/netbeans-6.1/visualweb2/modules/ext/json-2.jar:/usr/local/netbeans-6.1/visualweb2/modules/ext/jsf-extensions-common-0.1.jar:/usr/local/netbeans-6.1/visualweb2/modules/ext/jsf-extensions-dynamic-faces-0.1.jar" />
    <property name="java.specification.vendor" value="Sun Microsystems Inc." />
    <property name="libs.jdbcsupport-designtime.src" value="" />
    <property name="libs.javac-api.classpath" value="/usr/local/netbeans-6.1/java2/modules/ext/javac-api-nb-7.0-b07.jar" />
    <property name="java.version" value="1.6.0_07" />
    <property name="javadoc.version" value="false" />
    <property name="libs.MySQLDriver.javadoc" value="" />
    <property name="org.openide.version" value="deprecated" />
    <property name="source.encoding" value="UTF-8" />
    <property name="libs.junit.maven-pom" value="" />
    <property name="libs.jsf12-support.src" value="/usr/local/netbeans-6.1/visualweb2/docs/appbase-src.zip:/home/cross/.netbeans/6.1/docs/dataprovider-src.zip:/usr/local/netbeans-6.1/visualweb2/docs/jsfcl-src.zip" />
    <property name="libs.struts.maven-pom" value="" />
    <property name="netbeans.home+have.tests" value="true" />
    <property name="libs.IdentityAntTasks.maven-pom" value="" />
    <property name="work.dir" value="/home/cross/workspace/jaguar2/Jaguar-network" />
    <property name="libs.jaxb21.classpath" value="/usr/local/netbeans-6.1/java2/modules/ext/jaxws21/activation.jar:/usr/local/netbeans-6.1/java2/modules/ext/jaxws21/api/jaxb-api.jar:/usr/local/netbeans-6.1/java2/modules/ext/jaxws21/jaxb-impl.jar:/usr/local/netbeans-6.1/java2/modules/ext/jaxws21/jaxb-xjc.jar:/usr/local/netbeans-6.1/java2/modules/ext/jaxws21/api/jsr173_api.jar" />
    <property name="do.depend" value="false" />
    <property name="dist.javadoc.dir" value="dist/javadoc" />
    <property name="libs.swing-layout.classpath" value="/usr/local/netbeans-6.1/platform8/modules/ext/swing-layout-1.0.3.jar" />
    <property name="libs.restlib.src" value="" />
    <property name="build.generated.dir" value="build/generated" />
    <property name="javac.source" value="1.5" />
    <property name="line.separator" value="
" />
    <property name="java.specification.version" value="1.6" />
    <property name="libs.jaxws21.maven-pom" value="" />
    <property name="java.vm.info" value="mixed mode, sharing" />
    <property name="libs.jsf12-support.classpath" value="/usr/local/netbeans-6.1/visualweb2/modules/ext/jsfcl.jar:/usr/local/netbeans-6.1/visualweb2/modules/ext/appbase.jar:/home/cross/.netbeans/6.1/modules/ext/dataprovider.jar:/home/cross/.netbeans/6.1/modules/ext/sqlx.jar" />
    <property name="libs.spring-framework.maven-pom" value="" />
    <property name="sun.boot.class.path" value="/opt/jdk1.6.0_07/jre/lib/resources.jar:/opt/jdk1.6.0_07/jre/lib/rt.jar:/opt/jdk1.6.0_07/jre/lib/sunrsasign.jar:/opt/jdk1.6.0_07/jre/lib/jsse.jar:/opt/jdk1.6.0_07/jre/lib/jce.jar:/opt/jdk1.6.0_07/jre/lib/charsets.jar:/opt/jdk1.6.0_07/jre/classes" />
    <property name="javac.target" value="1.5" />
    <property name="libs.woodstock-components.javadoc" value="/usr/local/netbeans-6.1/visualweb2/docs/webui-jsf-doc.zip:/usr/local/netbeans-6.1/visualweb2/docs/webui-jsf-tld.zip" />
    <property name="build.test.classes.dir" value="build/test/classes" />
    <property name="src.dir" value="src" />
    <property name="libs.IdentityAntTasks.javadoc" value="" />
    <property name="libs.jsf12.src" value="" />
    <property name="nbplatform.default.netbeans.dest.dir" value="/usr/local/netbeans-6.1" />
    <property name="libs.struts.javadoc" value="/usr/local/netbeans-6.1/enterprise5/docs/struts-1.2.9-javadoc.zip" />
    <property name="dist.dir" value="dist" />
    <property name="libs.webui-designtime.classpath" value="/usr/local/netbeans-6.1/visualweb2/modules/ext/webui.jar:/usr/local/netbeans-6.1/enterprise5/modules/ext/commons-fileupload-1.0.jar" />
    <property name="java.awt.printerjob" value="sun.print.PSPrinterJob" />
    <property name="default.javac.source" value="1.6" />
    <property name="javac.compilerargs.jaxws" value="" />
    <property name="libs.MySQLDriver.src" value="" />
    <property name="sun.jnu.encoding" value="UTF-8" />
    <property name="libs.woodstock-components.src" value="/usr/local/netbeans-6.1/visualweb2/docs/webui-jsf-src.zip" />
    <property name="java.runtime.version" value="1.6.0_07-b06" />
    <property name="build.test.results.dir" value="build/test/results" />
    <property name="jna.platform.library.path" value="/usr/lib:/lib" />
    <property name="default.javac.target" value="1.6" />
    <property name="libs.junit_4.classpath" value="/usr/local/netbeans-6.1/java2/modules/ext/junit-4.1.jar" />
    <property name="user.timezone" value="" />
    <property name="libs.jsfsupport-designtime.src" value="/usr/local/netbeans-6.1/visualweb2/docs/appbase-src.zip:/home/cross/.netbeans/6.1/docs/dataprovider-src.zip:/usr/local/netbeans-6.1/visualweb2/docs/jsfcl-src.zip" />
    <property name="netbeans.dirs" value="/usr/local/netbeans-6.1/nb6.1:/usr/local/netbeans-6.1/ide9:/usr/local/netbeans-6.1/java2:/usr/local/netbeans-6.1/xml2:/usr/local/netbeans-6.1/apisupport1:/usr/local/netbeans-6.1/enterprise5:/usr/local/netbeans-6.1/profiler3:/usr/local/netbeans-6.1/gsf1:/usr/local/netbeans-6.1/visualweb2:/usr/local/netbeans-6.1/identity2:/usr/local/netbeans-6.1/harness:" />
    <property name="java.ext.dirs" value="/opt/jdk1.6.0_07/jre/lib/ext:/usr/java/packages/lib/ext" />
    <property name="libs.exceptionhandler-runtime.src" value="" />
    <property name="libs.absolutelayout.classpath" value="/home/cross/.netbeans/6.1/modules/ext/AbsoluteLayout.jar" />
    <property name="excludes" value="" />
    <property name="libs.restlib.maven-pom" value="" />
    <property name="java.class.path" value="/home/cross/workspace/jaguar2/Jaguar-network/lib/commons-beanutils.jar:/home/cross/workspace/jaguar2/Jaguar-network/lib/commons-collections-3.2.jar:/home/cross/workspace/jaguar2/Jaguar-network/lib/commons-digester-1.8.jar:/home/cross/workspace/jaguar2/Jaguar-network/lib/commons-logging-1.1.1.jar:/home/cross/workspace/jaguar2/Jaguar-network/lib/commons-logging-api-1.1.1.jar:/home/cross/workspace/jaguar2/jaguar-network-commons/dist/jaguar-network-commons.jar:/home/cross/workspace/jaguar2/Jaguar-common/dist/Jaguar-common.jar:/home/cross/workspace/jaguar2/jaguar-client-common/dist/jaguar-client-common.jar:/home/cross/workspace/jaguar2/Jaguar-network/build/classes:/usr/local/netbeans-6.1/java2/modules/ext/junit-3.8.2.jar:/home/cross/workspace/jaguar2/jaguar-engine-network/dist/jaguar-engine-network.jar:/home/cross/workspace/jaguar2/Jaguar-network/build/test/classes:/home/cross/.netbeans/6.1/ant/lib/ant-launcher.jar:/home/cross/.netbeans/6.1/ant/lib/ant.jar:/home/cross/.netbeans/6.1/ant/lib/ant-junit.jar" />
    <property name="apple.laf.useScreenMenuBar" value="true" />
    <property name="libs.webui-designtime.javadoc" value="/usr/local/netbeans-6.1/visualweb2/docs/webui-doc.zip" />
    <property name="libs.absolutelayout.src" value="" />
    <property name="os.version" value="2.6.24-21-generic" />
    <property name="application.args" value="" />
    <property name="libs.toplink.javadoc" value="/usr/local/netbeans-6.1/enterprise5/docs/javaee5-doc-api.zip" />
    <property name="sun.desktop" value="gnome" />
    <property name="libs.restlib.javadoc" value="" />
    <property name="java.awt.graphicsenv" value="sun.awt.X11GraphicsEnvironment" />
    <property name="rave.version" value="2.0.0" />
    <property name="libs.beans-binding.javadoc" value="/usr/local/netbeans-6.1/java2/docs/beansbinding-1.2.1-doc.zip" />
    <property name="java.vm.vendor" value="Sun Microsystems Inc." />
    <property name="libs.CopyLibs.classpath" value="/home/cross/.netbeans/6.1/ant/extra/org-netbeans-modules-java-j2seproject-copylibstask.jar" />
    <property name="libs.spring-webmvc.maven-pom" value="" />
    <property name="run.jvmargs" value="" />
    <property name="jaxws.endorsed.dir" value="/usr/local/netbeans-6.1/java2/modules/ext/jaxws21/api" />
    <property name="libs.spring-framework.javadoc" value="" />
    <property name="libs.PostgreSQLDriver.classpath" value="/usr/local/netbeans-6.1/ide9/modules/ext/postgresql-8.3-603.jdbc3.jar" />
    <property name="libs.jsf12.maven-pom" value="" />
    <property name="libs.junit.src" value="" />
    <property name="build.dir" value="build" />
    <property name="libs.CopyLibs.src" value="" />
    <property name="project.jaguar-network-commons" value="../jaguar-network-commons" />
    <property name="ant.version" value="Apache Ant version 1.7.0 compiled on December 13 2006" />
    <property name="build.classes.excludes" value="**/*.java,**/*.form" />
    <property name="file.encoding" value="UTF-8" />
    <property name="javadoc.nonavbar" value="false" />
    <property name="platform.active" value="default_platform" />
  </properties>
  <testcase classname="com.sinco.network.RequestSocketTest" name="testSendingData" time="10.875">
    <failure type="junit.framework.AssertionFailedError">junit.framework.AssertionFailedError
	at com.sinco.network.RequestSocketTest.testSendingData(RequestSocketTest.java:78)
</failure>
  </testcase>
  <system-out><![CDATA[sendingData
Bytes readed: [B@aa9835
Readed: 
]]></system-out>
  <system-err><![CDATA[java.io.EOFException
	at java.io.ObjectInputStream$PeekInputStream.readFully(ObjectInputStream.java:2281)
	at java.io.ObjectInputStream$BlockDataInputStream.readShort(ObjectInputStream.java:2750)
	at java.io.ObjectInputStream.readStreamHeader(ObjectInputStream.java:780)
	at java.io.ObjectInputStream.<init>(ObjectInputStream.java:280)
	at com.sinco.network.RequestSocketTest.testSendingData(RequestSocketTest.java:67)
	at sun.reflect.NativeMethodAccessorImpl.invoke0(Native Method)
	at sun.reflect.NativeMethodAccessorImpl.invoke(NativeMethodAccessorImpl.java:39)
	at sun.reflect.DelegatingMethodAccessorImpl.invoke(DelegatingMethodAccessorImpl.java:25)
	at java.lang.reflect.Method.invoke(Method.java:597)
	at junit.framework.TestCase.runTest(TestCase.java:164)
	at junit.framework.TestCase.runBare(TestCase.java:130)
	at junit.framework.TestResult$1.protect(TestResult.java:106)
	at junit.framework.TestResult.runProtected(TestResult.java:124)
	at junit.framework.TestResult.run(TestResult.java:109)
	at junit.framework.TestCase.run(TestCase.java:120)
	at junit.framework.TestSuite.runTest(TestSuite.java:230)
	at junit.framework.TestSuite.run(TestSuite.java:225)
	at org.apache.tools.ant.taskdefs.optional.junit.JUnitTestRunner.run(JUnitTestRunner.java:421)
	at org.apache.tools.ant.taskdefs.optional.junit.JUnitTestRunner.launch(JUnitTestRunner.java:912)
	at org.apache.tools.ant.taskdefs.optional.junit.JUnitTestRunner.main(JUnitTestRunner.java:766)
]]></system-err>
</testsuite>
